<?xml version="1.0" encoding="UTF-8"?>
<!-- Generated by org.testng.reporters.JUnitReportReporter -->
<testsuite skipped="0" hostname="Sony-PC" name="QaclickAcademy.AppiumTest" tests="2" failures="0" timestamp="27 Aug 2019 14:50:10 GMT" time="0.013" errors="0">
  <testcase name="Appiumlogout" time="0.000" classname="QaclickAcademy.AppiumTest"/>
  <testcase name="Appiumlogin" time="0.013" classname="QaclickAcademy.AppiumTest"/>
</testsuite> <!-- QaclickAcademy.AppiumTest -->
