<?xml version="1.0" encoding="UTF-8"?>
<!-- Generated by org.testng.reporters.JUnitReportReporter -->
<testsuite skipped="0" hostname="Sony-PC" name="QaclickAcademy.SeleniumTest" tests="2" failures="0" timestamp="27 Aug 2019 14:50:10 GMT" time="0.001" errors="0">
  <testcase name="Seleniumlogout" time="0.000" classname="QaclickAcademy.SeleniumTest"/>
  <testcase name="Seleniumlogin" time="0.001" classname="QaclickAcademy.SeleniumTest"/>
</testsuite> <!-- QaclickAcademy.SeleniumTest -->
